<?xml version="1.0" encoding="UTF-8"?>
<!-- Generated by org.testng.reporters.JUnitReportReporter -->
<testsuite hostname="DESKTOP-1S1HMOG" failures="0" tests="1" name="pack1.Sample1Test" time="4.477" errors="0" timestamp="2023-07-11T17:21:26 IST" skipped="0">
  <testcase classname="pack1.Sample1Test" name="m1" time="4.477"/>
  <system-out/>
</testsuite> <!-- pack1.Sample1Test -->
